09, 17, 2025 (23:21:36): Opening rpy file C:\Program Files (x86)\IBM\Rational\Rhapsody Modeler\7.5\Share\Properties\PredefinedTypes.sbs
09, 17, 2025 (23:21:36): 
 Started loading C:\Program Files (x86)\IBM\Rational\Rhapsody Modeler\7.5\Share\Properties\PredefinedTypes.sbs on Wednesday, September 17, 2025 (23:21:36).-

09, 17, 2025 (23:21:36): 

Starting inUnit resolution phase


09, 17, 2025 (23:21:36): 

Finished inUnit resolution phase


09, 17, 2025 (23:21:36): 
 Finished loading C:\Program Files (x86)\IBM\Rational\Rhapsody Modeler\7.5\Share\Properties\PredefinedTypes.sbs on Wednesday, September 17, 2025 (23:21:36).-

09, 17, 2025 (23:21:36): Opening rpy file C:\Program Files (x86)\IBM\Rational\Rhapsody Modeler\7.5\Share\Properties\PredefinedTypesC++.sbs
09, 17, 2025 (23:21:36): 
 Started loading C:\Program Files (x86)\IBM\Rational\Rhapsody Modeler\7.5\Share\Properties\PredefinedTypesC++.sbs on Wednesday, September 17, 2025 (23:21:36).-

09, 17, 2025 (23:21:36): 

Starting inUnit resolution phase


09, 17, 2025 (23:21:36): 

Finished inUnit resolution phase


09, 17, 2025 (23:21:36): 
 Finished loading C:\Program Files (x86)\IBM\Rational\Rhapsody Modeler\7.5\Share\Properties\PredefinedTypesC++.sbs on Wednesday, September 17, 2025 (23:21:36).-

09, 17, 2025 (23:21:36): Opening rpy file C:\Users\gwenc\OneDrive\Desktop\Fall2025\CSC340 - Ethics\Individual1\Test2_auto_rpy\Test2.rpy
09, 17, 2025 (23:21:36): 
 Started loading C:\Users\gwenc\OneDrive\Desktop\Fall2025\CSC340 - Ethics\Individual1\Test2_auto_rpy\Test2.rpy on Wednesday, September 17, 2025 (23:21:36).-

09, 17, 2025 (23:21:36): Opening rpy file C:\Users\gwenc\OneDrive\Desktop\Fall2025\CSC340 - Ethics\Individual1\Test2_auto_rpy\Default.sbs
09, 17, 2025 (23:21:36): 
 Started loading C:\Users\gwenc\OneDrive\Desktop\Fall2025\CSC340 - Ethics\Individual1\Test2_auto_rpy\Default.sbs on Wednesday, September 17, 2025 (23:21:36).-

09, 17, 2025 (23:21:36): 

Starting inUnit resolution phase


09, 17, 2025 (23:21:36): 

Finished inUnit resolution phase


09, 17, 2025 (23:21:36): 
 Finished loading C:\Users\gwenc\OneDrive\Desktop\Fall2025\CSC340 - Ethics\Individual1\Test2_auto_rpy\Default.sbs on Wednesday, September 17, 2025 (23:21:36).-

09, 17, 2025 (23:21:36): Opening rpy file C:\Users\gwenc\OneDrive\Desktop\Fall2025\CSC340 - Ethics\Individual1\Test2_rpy\DefaultComponent.cmp
09, 17, 2025 (23:21:36): 
 Started loading C:\Users\gwenc\OneDrive\Desktop\Fall2025\CSC340 - Ethics\Individual1\Test2_rpy\DefaultComponent.cmp on Wednesday, September 17, 2025 (23:21:36).-

09, 17, 2025 (23:21:36): 

Starting inUnit resolution phase


09, 17, 2025 (23:21:36): 

Finished inUnit resolution phase


09, 17, 2025 (23:21:37): 
 Finished loading C:\Users\gwenc\OneDrive\Desktop\Fall2025\CSC340 - Ethics\Individual1\Test2_rpy\DefaultComponent.cmp on Wednesday, September 17, 2025 (23:21:37).-

09, 17, 2025 (23:21:37): 

Starting inUnit resolution phase


09, 17, 2025 (23:21:37): 

Finished inUnit resolution phase


09, 17, 2025 (23:21:37): 

Starting inUnit resolution phase


09, 17, 2025 (23:21:37): 

Finished inUnit resolution phase


09, 17, 2025 (23:21:37): 

Starting inUnit resolution phase


09, 17, 2025 (23:21:37): 

Finished inUnit resolution phase


09, 17, 2025 (23:21:37): 
 Finished loading C:\Users\gwenc\OneDrive\Desktop\Fall2025\CSC340 - Ethics\Individual1\Test2_auto_rpy\Test2.rpy on Wednesday, September 17, 2025 (23:21:37).-

09, 17, 2025 (23:21:37): Starting checks of EventsBaseID conflicts
09, 17, 2025 (23:21:37): Finished checks of EventsBaseID conflicts
09, 17, 2025 (23:21:37): End Log
