11, 07, 2025 (17:57:32): Opening rpy file C:\Program Files (x86)\IBM\Rational\Rhapsody Modeler\7.5\Share\Properties\PredefinedTypes.sbs
11, 07, 2025 (17:57:32): 
 Started loading C:\Program Files (x86)\IBM\Rational\Rhapsody Modeler\7.5\Share\Properties\PredefinedTypes.sbs on Friday, November 07, 2025 (17:57:32).-

11, 07, 2025 (17:57:32): 

Starting inUnit resolution phase


11, 07, 2025 (17:57:32): 

Finished inUnit resolution phase


11, 07, 2025 (17:57:32): 
 Finished loading C:\Program Files (x86)\IBM\Rational\Rhapsody Modeler\7.5\Share\Properties\PredefinedTypes.sbs on Friday, November 07, 2025 (17:57:32).-

11, 07, 2025 (17:57:32): Opening rpy file C:\Program Files (x86)\IBM\Rational\Rhapsody Modeler\7.5\Share\Properties\PredefinedTypesC++.sbs
11, 07, 2025 (17:57:32): 
 Started loading C:\Program Files (x86)\IBM\Rational\Rhapsody Modeler\7.5\Share\Properties\PredefinedTypesC++.sbs on Friday, November 07, 2025 (17:57:32).-

11, 07, 2025 (17:57:32): 

Starting inUnit resolution phase


11, 07, 2025 (17:57:32): 

Finished inUnit resolution phase


11, 07, 2025 (17:57:32): 
 Finished loading C:\Program Files (x86)\IBM\Rational\Rhapsody Modeler\7.5\Share\Properties\PredefinedTypesC++.sbs on Friday, November 07, 2025 (17:57:32).-

11, 07, 2025 (17:57:32): Opening rpy file C:\Users\gwenc\OneDrive\Desktop\Fall2025\CSC340 - Ethics\Individual1\Test2.rpy
11, 07, 2025 (17:57:32): 
 Started loading C:\Users\gwenc\OneDrive\Desktop\Fall2025\CSC340 - Ethics\Individual1\Test2.rpy on Friday, November 07, 2025 (17:57:32).-

11, 07, 2025 (17:57:32): Opening rpy file C:\Users\gwenc\OneDrive\Desktop\Fall2025\CSC340 - Ethics\Individual1\Test2_rpy\Default.sbs
11, 07, 2025 (17:57:32): 
 Started loading C:\Users\gwenc\OneDrive\Desktop\Fall2025\CSC340 - Ethics\Individual1\Test2_rpy\Default.sbs on Friday, November 07, 2025 (17:57:32).-

11, 07, 2025 (17:57:32): 

Starting inUnit resolution phase


11, 07, 2025 (17:57:32): 

Finished inUnit resolution phase


11, 07, 2025 (17:57:32): 
 Finished loading C:\Users\gwenc\OneDrive\Desktop\Fall2025\CSC340 - Ethics\Individual1\Test2_rpy\Default.sbs on Friday, November 07, 2025 (17:57:32).-

11, 07, 2025 (17:57:32): Opening rpy file C:\Users\gwenc\OneDrive\Desktop\Fall2025\CSC340 - Ethics\Individual1\Test2_rpy\DefaultComponent.cmp
11, 07, 2025 (17:57:32): 
 Started loading C:\Users\gwenc\OneDrive\Desktop\Fall2025\CSC340 - Ethics\Individual1\Test2_rpy\DefaultComponent.cmp on Friday, November 07, 2025 (17:57:32).-

11, 07, 2025 (17:57:32): 

Starting inUnit resolution phase


11, 07, 2025 (17:57:32): 

Finished inUnit resolution phase


11, 07, 2025 (17:57:32): 
 Finished loading C:\Users\gwenc\OneDrive\Desktop\Fall2025\CSC340 - Ethics\Individual1\Test2_rpy\DefaultComponent.cmp on Friday, November 07, 2025 (17:57:32).-

11, 07, 2025 (17:57:32): 

Starting inUnit resolution phase


11, 07, 2025 (17:57:32): 

Finished inUnit resolution phase


11, 07, 2025 (17:57:32): 

Starting inUnit resolution phase


11, 07, 2025 (17:57:32): 

Finished inUnit resolution phase


11, 07, 2025 (17:57:32): 

Starting inUnit resolution phase


11, 07, 2025 (17:57:32): 

Finished inUnit resolution phase


11, 07, 2025 (17:57:32): 
 Finished loading C:\Users\gwenc\OneDrive\Desktop\Fall2025\CSC340 - Ethics\Individual1\Test2.rpy on Friday, November 07, 2025 (17:57:32).-

11, 07, 2025 (17:57:32): Starting checks of EventsBaseID conflicts
11, 07, 2025 (17:57:32): Finished checks of EventsBaseID conflicts
11, 07, 2025 (17:57:32): End Log
