09, 15, 2025 (12:29:40): Opening rpy file C:\Program Files (x86)\IBM\Rational\Rhapsody Modeler\7.5\Share\Properties\PredefinedTypes.sbs
09, 15, 2025 (12:29:40): 
 Started loading C:\Program Files (x86)\IBM\Rational\Rhapsody Modeler\7.5\Share\Properties\PredefinedTypes.sbs on Monday, September 15, 2025 (12:29:40).-

09, 15, 2025 (12:29:40): 

Starting inUnit resolution phase


09, 15, 2025 (12:29:40): 

Finished inUnit resolution phase


09, 15, 2025 (12:29:40): 
 Finished loading C:\Program Files (x86)\IBM\Rational\Rhapsody Modeler\7.5\Share\Properties\PredefinedTypes.sbs on Monday, September 15, 2025 (12:29:40).-

09, 15, 2025 (12:29:40): Opening rpy file C:\Program Files (x86)\IBM\Rational\Rhapsody Modeler\7.5\Share\Properties\PredefinedTypesC++.sbs
09, 15, 2025 (12:29:40): 
 Started loading C:\Program Files (x86)\IBM\Rational\Rhapsody Modeler\7.5\Share\Properties\PredefinedTypesC++.sbs on Monday, September 15, 2025 (12:29:40).-

09, 15, 2025 (12:29:40): 

Starting inUnit resolution phase


09, 15, 2025 (12:29:40): 

Finished inUnit resolution phase


09, 15, 2025 (12:29:40): 
 Finished loading C:\Program Files (x86)\IBM\Rational\Rhapsody Modeler\7.5\Share\Properties\PredefinedTypesC++.sbs on Monday, September 15, 2025 (12:29:40).-

09, 15, 2025 (12:29:40): Opening rpy file C:\Users\gwenc\OneDrive\Desktop\Fall2025\CSC340 - Ethics\Individual1\Test2.rpy
09, 15, 2025 (12:29:40): 
 Started loading C:\Users\gwenc\OneDrive\Desktop\Fall2025\CSC340 - Ethics\Individual1\Test2.rpy on Monday, September 15, 2025 (12:29:40).-

09, 15, 2025 (12:29:40): Opening rpy file C:\Users\gwenc\OneDrive\Desktop\Fall2025\CSC340 - Ethics\Individual1\Test2_rpy\Default.sbs
09, 15, 2025 (12:29:41): 
 Started loading C:\Users\gwenc\OneDrive\Desktop\Fall2025\CSC340 - Ethics\Individual1\Test2_rpy\Default.sbs on Monday, September 15, 2025 (12:29:41).-

09, 15, 2025 (12:29:41): 

Starting inUnit resolution phase


09, 15, 2025 (12:29:41): 

Finished inUnit resolution phase


09, 15, 2025 (12:29:41): 
 Finished loading C:\Users\gwenc\OneDrive\Desktop\Fall2025\CSC340 - Ethics\Individual1\Test2_rpy\Default.sbs on Monday, September 15, 2025 (12:29:41).-

09, 15, 2025 (12:29:41): Opening rpy file C:\Users\gwenc\OneDrive\Desktop\Fall2025\CSC340 - Ethics\Individual1\Test2_rpy\DefaultComponent.cmp
09, 15, 2025 (12:29:41): 
 Started loading C:\Users\gwenc\OneDrive\Desktop\Fall2025\CSC340 - Ethics\Individual1\Test2_rpy\DefaultComponent.cmp on Monday, September 15, 2025 (12:29:41).-

09, 15, 2025 (12:29:41): 

Starting inUnit resolution phase


09, 15, 2025 (12:29:41): 

Finished inUnit resolution phase


09, 15, 2025 (12:29:41): 
 Finished loading C:\Users\gwenc\OneDrive\Desktop\Fall2025\CSC340 - Ethics\Individual1\Test2_rpy\DefaultComponent.cmp on Monday, September 15, 2025 (12:29:41).-

09, 15, 2025 (12:29:41): 

Starting inUnit resolution phase


09, 15, 2025 (12:29:41): 

Finished inUnit resolution phase


09, 15, 2025 (12:29:41): 

Starting inUnit resolution phase


09, 15, 2025 (12:29:41): 

Finished inUnit resolution phase


09, 15, 2025 (12:29:41): 

Starting inUnit resolution phase


09, 15, 2025 (12:29:41): 

Finished inUnit resolution phase


09, 15, 2025 (12:29:41): 
 Finished loading C:\Users\gwenc\OneDrive\Desktop\Fall2025\CSC340 - Ethics\Individual1\Test2.rpy on Monday, September 15, 2025 (12:29:41).-

09, 15, 2025 (12:29:41): Starting checks of EventsBaseID conflicts
09, 15, 2025 (12:29:41): Finished checks of EventsBaseID conflicts
09, 15, 2025 (12:29:41): End Log
