09, 22, 2025 (10:26:46): Starting Pre-Save actions

09, 22, 2025 (10:26:46): Starting Dialogs Check/Save
09, 22, 2025 (10:26:46): Finished Dialogs Check/Save
09, 22, 2025 (10:26:46): Starting Controlled Files Resolution
09, 22, 2025 (10:26:46): Finished Controlled Files Resolution
09, 22, 2025 (10:29:16): Finished writing  on Monday, September 22, 2025 (10:29:16)

09, 22, 2025 (10:29:16): Opening rpy file fake
09, 22, 2025 (10:29:16): 
 Started loading fake on Monday, September 22, 2025 (10:29:16).-

09, 22, 2025 (10:29:16): 
 Finished loading fake on Monday, September 22, 2025 (10:29:16).-

09, 22, 2025 (10:29:16): Opening rpy file fake
09, 22, 2025 (10:29:16): 
 Started loading fake on Monday, September 22, 2025 (10:29:16).-

09, 22, 2025 (10:29:16): 
 Finished loading fake on Monday, September 22, 2025 (10:29:16).-

09, 22, 2025 (10:29:18): Opening rpy file fake
09, 22, 2025 (10:29:18): 
 Started loading fake on Monday, September 22, 2025 (10:29:18).-

09, 22, 2025 (10:29:18): 
 Finished loading fake on Monday, September 22, 2025 (10:29:18).-

09, 22, 2025 (10:29:36): Finished writing  on Monday, September 22, 2025 (10:29:36)

09, 22, 2025 (10:29:36): Opening rpy file fake
09, 22, 2025 (10:29:36): 
 Started loading fake on Monday, September 22, 2025 (10:29:36).-

09, 22, 2025 (10:29:36): 
 Finished loading fake on Monday, September 22, 2025 (10:29:36).-

09, 22, 2025 (10:29:36): Opening rpy file fake
09, 22, 2025 (10:29:36): 
 Started loading fake on Monday, September 22, 2025 (10:29:36).-

09, 22, 2025 (10:29:36): 
 Finished loading fake on Monday, September 22, 2025 (10:29:36).-

09, 22, 2025 (10:29:37): Opening rpy file fake
09, 22, 2025 (10:29:37): 
 Started loading fake on Monday, September 22, 2025 (10:29:37).-

09, 22, 2025 (10:29:37): 
 Finished loading fake on Monday, September 22, 2025 (10:29:37).-

09, 22, 2025 (10:29:37): Opening rpy file fake
09, 22, 2025 (10:29:37): 
 Started loading fake on Monday, September 22, 2025 (10:29:37).-

09, 22, 2025 (10:29:37): 
 Finished loading fake on Monday, September 22, 2025 (10:29:37).-

09, 22, 2025 (10:29:44): Finished writing  on Monday, September 22, 2025 (10:29:44)

09, 22, 2025 (10:29:45): Opening rpy file fake
09, 22, 2025 (10:29:45): 
 Started loading fake on Monday, September 22, 2025 (10:29:45).-

09, 22, 2025 (10:29:45): 
 Finished loading fake on Monday, September 22, 2025 (10:29:45).-

09, 22, 2025 (10:29:45): Opening rpy file fake
09, 22, 2025 (10:29:45): 
 Started loading fake on Monday, September 22, 2025 (10:29:45).-

09, 22, 2025 (10:29:45): 
 Finished loading fake on Monday, September 22, 2025 (10:29:45).-

09, 22, 2025 (10:29:46): Opening rpy file fake
09, 22, 2025 (10:29:46): 
 Started loading fake on Monday, September 22, 2025 (10:29:46).-

09, 22, 2025 (10:29:46): 
 Finished loading fake on Monday, September 22, 2025 (10:29:46).-

09, 22, 2025 (10:29:50): Finished writing  on Monday, September 22, 2025 (10:29:50)

09, 22, 2025 (10:30:07): Finished writing  on Monday, September 22, 2025 (10:30:07)

09, 22, 2025 (10:30:07): Opening rpy file fake
09, 22, 2025 (10:30:07): 
 Started loading fake on Monday, September 22, 2025 (10:30:07).-

09, 22, 2025 (10:30:07): 
 Finished loading fake on Monday, September 22, 2025 (10:30:07).-

09, 22, 2025 (10:30:07): Opening rpy file fake
09, 22, 2025 (10:30:07): 
 Started loading fake on Monday, September 22, 2025 (10:30:07).-

09, 22, 2025 (10:30:07): 
 Finished loading fake on Monday, September 22, 2025 (10:30:07).-

09, 22, 2025 (10:30:08): Opening rpy file fake
09, 22, 2025 (10:30:08): 
 Started loading fake on Monday, September 22, 2025 (10:30:08).-

09, 22, 2025 (10:30:08): 
 Finished loading fake on Monday, September 22, 2025 (10:30:08).-

09, 22, 2025 (10:40:50): 
Started writing C:\Users\gwenc\OneDrive\Desktop\Fall2025\CSC340 - Ethics\Individual1\Test2_auto_rpy\Default.sbs on Monday, September 22, 2025 (10:40:50)

09, 22, 2025 (10:40:50): version 8.5.2
09, 22, 2025 (10:40:50): Finished writing C:\Users\gwenc\OneDrive\Desktop\Fall2025\CSC340 - Ethics\Individual1\Test2_auto_rpy\Default.sbs on Monday, September 22, 2025 (10:40:50)

09, 22, 2025 (10:40:50): 
Started writing C:\Users\gwenc\OneDrive\Desktop\Fall2025\CSC340 - Ethics\Individual1\Test2_auto_rpy\Test2.rpy on Monday, September 22, 2025 (10:40:50)

09, 22, 2025 (10:40:50): version 8.5.2
09, 22, 2025 (10:40:50): Finished writing C:\Users\gwenc\OneDrive\Desktop\Fall2025\CSC340 - Ethics\Individual1\Test2_auto_rpy\Test2.rpy on Monday, September 22, 2025 (10:40:50)

09, 22, 2025 (10:41:35): Finished writing  on Monday, September 22, 2025 (10:41:35)

09, 22, 2025 (10:41:45): Finished writing  on Monday, September 22, 2025 (10:41:45)

09, 22, 2025 (10:41:47): Finished writing  on Monday, September 22, 2025 (10:41:47)

09, 22, 2025 (10:41:48): Finished writing  on Monday, September 22, 2025 (10:41:48)

09, 22, 2025 (10:42:02): Finished writing  on Monday, September 22, 2025 (10:42:02)

09, 22, 2025 (10:42:03): Finished writing  on Monday, September 22, 2025 (10:42:03)

09, 22, 2025 (10:42:53): Finished writing  on Monday, September 22, 2025 (10:42:53)

09, 22, 2025 (10:43:01): Finished writing  on Monday, September 22, 2025 (10:43:01)

09, 22, 2025 (10:43:05): Finished writing  on Monday, September 22, 2025 (10:43:05)

09, 22, 2025 (10:43:07): Finished writing  on Monday, September 22, 2025 (10:43:07)

09, 22, 2025 (10:44:14): Finished writing  on Monday, September 22, 2025 (10:44:14)

09, 22, 2025 (10:44:26): Finished writing  on Monday, September 22, 2025 (10:44:26)

09, 22, 2025 (10:45:44): Finished writing  on Monday, September 22, 2025 (10:45:44)

09, 22, 2025 (10:46:11): Finished writing  on Monday, September 22, 2025 (10:46:11)

09, 22, 2025 (10:46:39): Finished writing  on Monday, September 22, 2025 (10:46:39)

09, 22, 2025 (10:47:10): Finished writing  on Monday, September 22, 2025 (10:47:10)

09, 22, 2025 (10:47:11): Finished writing  on Monday, September 22, 2025 (10:47:11)

09, 22, 2025 (10:47:16): Finished writing  on Monday, September 22, 2025 (10:47:16)

09, 22, 2025 (10:47:19): Finished writing  on Monday, September 22, 2025 (10:47:19)

09, 22, 2025 (10:47:25): Finished writing  on Monday, September 22, 2025 (10:47:25)

09, 22, 2025 (10:47:47): Finished writing  on Monday, September 22, 2025 (10:47:47)

09, 22, 2025 (10:48:04): Finished writing  on Monday, September 22, 2025 (10:48:04)

09, 22, 2025 (10:48:05): Finished writing  on Monday, September 22, 2025 (10:48:05)

09, 22, 2025 (10:50:50): 
Started writing C:\Users\gwenc\OneDrive\Desktop\Fall2025\CSC340 - Ethics\Individual1\Test2_auto_rpy\Default.sbs on Monday, September 22, 2025 (10:50:50)

09, 22, 2025 (10:50:50): version 8.5.2
09, 22, 2025 (10:50:50): Finished writing C:\Users\gwenc\OneDrive\Desktop\Fall2025\CSC340 - Ethics\Individual1\Test2_auto_rpy\Default.sbs on Monday, September 22, 2025 (10:50:50)

09, 22, 2025 (10:50:50): 
Started writing C:\Users\gwenc\OneDrive\Desktop\Fall2025\CSC340 - Ethics\Individual1\Test2_auto_rpy\Test2.rpy on Monday, September 22, 2025 (10:50:50)

09, 22, 2025 (10:50:50): version 8.5.2
09, 22, 2025 (10:50:50): Finished writing C:\Users\gwenc\OneDrive\Desktop\Fall2025\CSC340 - Ethics\Individual1\Test2_auto_rpy\Test2.rpy on Monday, September 22, 2025 (10:50:50)

09, 22, 2025 (10:51:09): Finished writing  on Monday, September 22, 2025 (10:51:09)

09, 22, 2025 (10:51:30): Finished writing  on Monday, September 22, 2025 (10:51:30)

09, 22, 2025 (10:51:44): Finished writing  on Monday, September 22, 2025 (10:51:44)

09, 22, 2025 (10:51:46): Finished writing  on Monday, September 22, 2025 (10:51:46)

09, 22, 2025 (10:52:12): Finished writing  on Monday, September 22, 2025 (10:52:12)

09, 22, 2025 (10:52:17): Finished writing  on Monday, September 22, 2025 (10:52:17)

09, 22, 2025 (10:52:23): Starting Pre-Save actions

09, 22, 2025 (10:52:23): Starting Dialogs Check/Save
09, 22, 2025 (10:52:23): Finished Dialogs Check/Save
09, 22, 2025 (10:52:23): Starting Controlled Files Resolution
09, 22, 2025 (10:52:23): Finished Controlled Files Resolution
09, 22, 2025 (10:52:59): Starting Pre-Save actions

09, 22, 2025 (10:52:59): Starting Dialogs Check/Save
09, 22, 2025 (10:52:59): Finished Dialogs Check/Save
09, 22, 2025 (10:52:59): Starting Controlled Files Resolution
09, 22, 2025 (10:52:59): Finished Controlled Files Resolution
09, 22, 2025 (10:52:59): Finished Pre-Save actions

09, 22, 2025 (10:52:59): Creating C:\Users\gwenc\OneDrive\Desktop\Fall2025\CSC340 - Ethics\Individual1\TestProject\Test.rpy
09, 22, 2025 (10:52:59): 
Started writing C:\Users\gwenc\OneDrive\Desktop\Fall2025\CSC340 - Ethics\Individual1\TestProject\Test.rpy on Monday, September 22, 2025 (10:52:59)

09, 22, 2025 (10:52:59): version 8.5.2
09, 22, 2025 (10:52:59): 
Started writing C:\Users\gwenc\OneDrive\Desktop\Fall2025\CSC340 - Ethics\Individual1\TestProject\Test_rpy\filesTable.dat on Monday, September 22, 2025 (10:52:59)

09, 22, 2025 (10:52:59): Finished writing C:\Users\gwenc\OneDrive\Desktop\Fall2025\CSC340 - Ethics\Individual1\TestProject\Test_rpy\filesTable.dat on Monday, September 22, 2025 (10:52:59)

09, 22, 2025 (10:52:59): Creating C:\Users\gwenc\OneDrive\Desktop\Fall2025\CSC340 - Ethics\Individual1\TestProject\Test_rpy\Default.sbs
09, 22, 2025 (10:52:59): 
Started writing C:\Users\gwenc\OneDrive\Desktop\Fall2025\CSC340 - Ethics\Individual1\TestProject\Test_rpy\Default.sbs on Monday, September 22, 2025 (10:52:59)

09, 22, 2025 (10:52:59): version 8.5.2
09, 22, 2025 (10:52:59): Finished writing C:\Users\gwenc\OneDrive\Desktop\Fall2025\CSC340 - Ethics\Individual1\TestProject\Test_rpy\Default.sbs on Monday, September 22, 2025 (10:52:59)

09, 22, 2025 (10:52:59): Creating C:\Users\gwenc\OneDrive\Desktop\Fall2025\CSC340 - Ethics\Individual1\TestProject\Test_rpy\DefaultComponent.cmp
09, 22, 2025 (10:52:59): 
Started writing C:\Users\gwenc\OneDrive\Desktop\Fall2025\CSC340 - Ethics\Individual1\TestProject\Test_rpy\DefaultComponent.cmp on Monday, September 22, 2025 (10:52:59)

09, 22, 2025 (10:52:59): version 8.5.2
09, 22, 2025 (10:52:59): Finished writing C:\Users\gwenc\OneDrive\Desktop\Fall2025\CSC340 - Ethics\Individual1\TestProject\Test_rpy\DefaultComponent.cmp on Monday, September 22, 2025 (10:52:59)

09, 22, 2025 (10:52:59): Finished writing C:\Users\gwenc\OneDrive\Desktop\Fall2025\CSC340 - Ethics\Individual1\TestProject\Test.rpy on Monday, September 22, 2025 (10:52:59)

09, 22, 2025 (10:52:59): End Log
